\BOOKMARK [1][]{section*.1}{\376\377\000R\000e\000s\000e\000a\000r\000c\000h\000\040\000I\000n\000t\000e\000r\000e\000s\000t\000s}{}% 1
\BOOKMARK [1][]{section*.2}{\376\377\000E\000d\000u\000c\000a\000t\000i\000o\000n}{}% 2
\BOOKMARK [2][]{section*.3}{\376\377\000U\000n\000d\000e\000r\000g\000r\000a\000d\000u\000a\000t\000e}{section*.2}% 3
\BOOKMARK [2][]{section*.4}{\376\377\000H\000i\000g\000h\000\040\000S\000c\000h\000o\000o\000l}{section*.2}% 4
\BOOKMARK [1][]{section*.5}{\376\377\000R\000e\000s\000e\000a\000r\000c\000h\000\040\000E\000x\000p\000e\000r\000i\000e\000n\000c\000e}{}% 5
\BOOKMARK [2][]{section*.6}{\376\377\000R\000e\000s\000e\000a\000r\000c\000h\000\040\000S\000c\000h\000o\000l\000a\000r}{section*.5}% 6
\BOOKMARK [2][]{section*.7}{\376\377\000R\000e\000s\000e\000a\000r\000c\000h\000\040\000I\000n\000t\000e\000r\000n}{section*.5}% 7
\BOOKMARK [1][]{section*.8}{\376\377\000J\000o\000u\000r\000n\000a\000l\000\040\000P\000u\000b\000l\000i\000c\000a\000t\000i\000o\000n\000s}{}% 8
\BOOKMARK [1][]{section*.9}{\376\377\000T\000e\000c\000h\000n\000i\000c\000a\000l\000\040\000S\000k\000i\000l\000l\000s}{}% 9
\BOOKMARK [1][]{section*.10}{\376\377\000R\000e\000s\000e\000a\000r\000c\000h\000\040\000D\000e\000s\000c\000r\000i\000p\000t\000i\000o\000n}{}% 10
\BOOKMARK [2][]{section*.11}{\376\377\000T\000w\000o\000-\000p\000h\000a\000s\000e\000\040\000f\000l\000o\000w\000s}{section*.10}% 11
\BOOKMARK [2][]{section*.12}{\376\377\000F\000i\000r\000e\000\040\000D\000y\000n\000a\000m\000i\000c\000s}{section*.10}% 12
\BOOKMARK [1][]{section*.13}{\376\377\000S\000c\000h\000o\000l\000a\000s\000t\000i\000c\000\040\000a\000c\000h\000i\000e\000v\000e\000m\000e\000n\000t\000s}{}% 13
\BOOKMARK [1][]{section*.14}{\376\377\000E\000x\000t\000r\000a\000-\000C\000u\000r\000r\000i\000c\000u\000l\000a\000r}{}% 14
\BOOKMARK [2][]{section*.15}{\376\377\000T\000e\000a\000c\000h\000i\000n\000g\000\040\000A\000s\000s\000i\000s\000t\000a\000n\000t\000\040\000\050\000T\000A\000\051}{section*.14}% 15
\BOOKMARK [2][]{section*.16}{\376\377\000M\000e\000n\000t\000o\000r}{section*.14}% 16
\BOOKMARK [2][]{section*.17}{\376\377\000M\000e\000c\000h\000a\000n\000i\000c\000a\000l\000\040\000\046\000\040\000I\000n\000d\000u\000s\000t\000r\000i\000a\000l\000\040\000E\000n\000g\000i\000n\000e\000e\000r\000i\000n\000g\000\040\000S\000t\000u\000d\000e\000n\000t\000s\000'\000\040\000S\000o\000c\000i\000e\000t\000y\000,\000\040\000I\000I\000T\000\040\000R\000o\000o\000r\000k\000e\000e}{section*.14}% 17
\BOOKMARK [2][]{section*.18}{\376\377\000N\000a\000t\000i\000o\000n\000a\000l\000\040\000S\000e\000r\000v\000i\000c\000e\000\040\000S\000c\000h\000e\000m\000e\000,\000\040\000I\000I\000T\000\040\000R\000o\000o\000r\000k\000e\000e}{section*.14}% 18
\BOOKMARK [1][]{section*.19}{\376\377\000P\000e\000e\000r\000-\000R\000e\000v\000i\000e\000w\000e\000d\000\040\000C\000o\000n\000f\000e\000r\000e\000n\000c\000e\000\040\000P\000r\000o\000c\000e\000e\000d\000i\000n\000g\000s}{}% 19
\BOOKMARK [1][]{section*.20}{\376\377\000R\000e\000f\000e\000r\000e\000n\000c\000e\000s}{}% 20
