This is pdfTeX, Version 3.14159265-2.6-1.40.21 (TeX Live 2020) (preloaded format=pdflatex 2021.2.15)  18 JUL 2021 14:54
entering extended mode
 restricted \write18 enabled.
 %&-line parsing enabled.
**Vatsal_CV.tex
(./Vatsal_CV.tex
LaTeX2e <2020-02-02> patch level 5
L3 programming layer <2020-03-06>
(/usr/local/texlive/2020basic/texmf-dist/tex/latex/moderncv/moderncv.cls
Document Class: moderncv 2021/01/21 v2.1.0 modern curriculum vitae and letter d
ocument class
(/usr/local/texlive/2020basic/texmf-dist/tex/latex/base/size11.clo
File: size11.clo 2019/12/20 v1.4l Standard LaTeX file (size option)
)
(/usr/local/texlive/2020basic/texmf-dist/tex/latex/etoolbox/etoolbox.sty
Package: etoolbox 2019/09/21 v2.5h e-TeX tools for LaTeX (JAW)
\etb@tempcnta=\count167
)
(/usr/local/texlive/2020basic/texmf-dist/tex/latex/base/ifthen.sty
Package: ifthen 2014/09/29 v1.1c Standard LaTeX ifthen package (DPC)
)
(/usr/local/texlive/2020basic/texmf-dist/tex/latex/xcolor/xcolor.sty
Package: xcolor 2016/05/11 v2.12 LaTeX color extensions (UK)

(/usr/local/texlive/2020basic/texmf-dist/tex/latex/graphics-cfg/color.cfg
File: color.cfg 2016/01/02 v1.6 sample color configuration
)
Package xcolor Info: Driver file: pdftex.def on input line 225.

(/usr/local/texlive/2020basic/texmf-dist/tex/latex/graphics-def/pdftex.def
File: pdftex.def 2018/01/08 v1.0l Graphics/color driver for pdftex
)
(/usr/local/texlive/2020basic/texmf-dist/tex/latex/colortbl/colortbl.sty
Package: colortbl 2020/01/04 v1.0e Color table columns (DPC)

(/usr/local/texlive/2020basic/texmf-dist/tex/latex/tools/array.sty
Package: array 2019/08/31 v2.4l Tabular extension package (FMi)
\col@sep=\dimen134
\ar@mcellbox=\box45
\extrarowheight=\dimen135
\NC@list=\toks15
\extratabsurround=\skip47
\backup@length=\skip48
\ar@cellbox=\box46
)
\everycr=\toks16
\minrowclearance=\skip49
)
\rownum=\count168
Package xcolor Info: Model `cmy' substituted by `cmy0' on input line 1348.
Package xcolor Info: Model `hsb' substituted by `rgb' on input line 1352.
Package xcolor Info: Model `RGB' extended on input line 1364.
Package xcolor Info: Model `HTML' substituted by `rgb' on input line 1366.
Package xcolor Info: Model `Hsb' substituted by `hsb' on input line 1367.
Package xcolor Info: Model `tHsb' substituted by `hsb' on input line 1368.
Package xcolor Info: Model `HSB' substituted by `hsb' on input line 1369.
Package xcolor Info: Model `Gray' substituted by `gray' on input line 1370.
Package xcolor Info: Model `wave' substituted by `hsb' on input line 1371.
)
(/usr/local/texlive/2020basic/texmf-dist/tex/generic/iftex/ifxetex.sty
Package: ifxetex 2019/10/25 v0.7 ifxetex legacy package. Use iftex instead.

(/usr/local/texlive/2020basic/texmf-dist/tex/generic/iftex/iftex.sty
Package: iftex 2020/03/06 v1.0d TeX engine tests
))
(/usr/local/texlive/2020basic/texmf-dist/tex/generic/iftex/ifluatex.sty
Package: ifluatex 2019/10/25 v1.5 ifluatex legacy package. Use iftex instead.
)
(/usr/local/texlive/2020basic/texmf-dist/tex/latex/base/inputenc.sty
Package: inputenc 2018/08/11 v1.3c Input encoding file
\inpenc@prehook=\toks17
\inpenc@posthook=\toks18
)
(/usr/local/texlive/2020basic/texmf-dist/tex/latex/base/fontenc.sty
Package: fontenc 2020/02/11 v2.0o Standard LaTeX package
)
(/usr/local/texlive/2020basic/texmf-dist/tex/latex/url/url.sty
\Urlmuskip=\muskip16
Package: url 2013/09/16  ver 3.4  Verb mode for urls, etc.
)
(/usr/local/texlive/2020basic/texmf-dist/tex/latex/graphics/graphicx.sty
Package: graphicx 2019/11/30 v1.2a Enhanced LaTeX Graphics (DPC,SPQR)

(/usr/local/texlive/2020basic/texmf-dist/tex/latex/graphics/keyval.sty
Package: keyval 2014/10/28 v1.15 key=value parser (DPC)
\KV@toks@=\toks19
)
(/usr/local/texlive/2020basic/texmf-dist/tex/latex/graphics/graphics.sty
Package: graphics 2019/11/30 v1.4a Standard LaTeX Graphics (DPC,SPQR)

(/usr/local/texlive/2020basic/texmf-dist/tex/latex/graphics/trig.sty
Package: trig 2016/01/03 v1.10 sin cos tan (DPC)
)
(/usr/local/texlive/2020basic/texmf-dist/tex/latex/graphics-cfg/graphics.cfg
File: graphics.cfg 2016/06/04 v1.11 sample graphics configuration
)
Package graphics Info: Driver file: pdftex.def on input line 105.
)
\Gin@req@height=\dimen136
\Gin@req@width=\dimen137
) (/usr/local/texlive/2020basic/texmf-dist/tex/latex/fancyhdr/fancyhdr.sty
Package: fancyhdr 2019/01/31 v3.10 Extensive control of page headers and footer
s
\f@nch@headwidth=\skip50
\f@nch@O@elh=\skip51
\f@nch@O@erh=\skip52
\f@nch@O@olh=\skip53
\f@nch@O@orh=\skip54
\f@nch@O@elf=\skip55
\f@nch@O@erf=\skip56
\f@nch@O@olf=\skip57
\f@nch@O@orf=\skip58
)
(/usr/local/texlive/2020basic/texmf-dist/tex/latex/moderncv/tweaklist.sty)
(/usr/local/texlive/2020basic/texmf-dist/tex/latex/tools/calc.sty
Package: calc 2017/05/25 v4.3 Infix arithmetic (KKT,FJ)
\calc@Acount=\count169
\calc@Bcount=\count170
\calc@Adimen=\dimen138
\calc@Bdimen=\dimen139
\calc@Askip=\skip59
\calc@Bskip=\skip60
LaTeX Info: Redefining \setlength on input line 80.
LaTeX Info: Redefining \addtolength on input line 81.
\calc@Ccount=\count171
\calc@Cskip=\skip61
)
(/usr/local/texlive/2020basic/texmf-dist/tex/latex/l3packages/xparse/xparse.sty
(/usr/local/texlive/2020basic/texmf-dist/tex/latex/l3kernel/expl3.sty
Package: expl3 2020-03-06 L3 programming layer (loader) 

(/usr/local/texlive/2020basic/texmf-dist/tex/latex/l3backend/l3backend-pdfmode.
def
File: l3backend-pdfmode.def 2020-03-12 L3 backend support: PDF mode
\l__kernel_color_stack_int=\count172
\l__pdf_internal_box=\box47
))
Package: xparse 2020-03-06 L3 Experimental document command parser
\l__xparse_current_arg_int=\count173
\g__xparse_grabber_int=\count174
\l__xparse_m_args_int=\count175
\l__xparse_v_nesting_int=\count176
)
(/usr/local/texlive/2020basic/texmf-dist/tex/latex/microtype/microtype.sty
Package: microtype 2019/11/18 v2.7d Micro-typographical refinements (RS)
\MT@toks=\toks20
\MT@count=\count177
LaTeX Info: Redefining \textls on input line 790.
\MT@outer@kern=\dimen140
LaTeX Info: Redefining \textmicrotypecontext on input line 1354.
\MT@listname@count=\count178

(/usr/local/texlive/2020basic/texmf-dist/tex/latex/microtype/microtype-pdftex.d
ef
File: microtype-pdftex.def 2019/11/18 v2.7d Definitions specific to pdftex (RS)

LaTeX Info: Redefining \lsstyle on input line 914.
LaTeX Info: Redefining \lslig on input line 914.
\MT@outer@space=\skip62
)
Package microtype Info: Loading configuration file microtype.cfg.
 (/usr/local/texlive/2020basic/texmf-dist/tex/latex/microtype/microtype.cfg
File: microtype.cfg 2019/11/18 v2.7d microtype main configuration file (RS)
))
(/usr/local/texlive/2020basic/texmf-dist/tex/latex/moderncv/moderncvcollection.
sty
Package: moderncvcollection 2021/01/21 v2.1.0 moderncv collections
\c@collection@iterator=\count179
)
(/usr/local/texlive/2020basic/texmf-dist/tex/latex/moderncv/moderncvcompatibili
ty.sty
Package: moderncvcompatibility 2021/01/21 v2.1.0 modern curriculum vitae and le
tter compatibility patches
)
\c@collection@phones@count=\count180
\c@collection@socials@count=\count181
\c@cvcolumnscounter=\count182
\c@cvcolumnsautowidthcounter=\count183
\c@tmpiteratorcounter=\count184
\cvcolumnsdummywidth=\skip63
\cvcolumnswidth=\skip64
\cvcolumnsautowidth=\skip65
\cvcolumnautowidth=\skip66
\bibindent=\skip67
)
(/usr/local/texlive/2020basic/texmf-dist/tex/latex/moderncv/moderncvstyleclassi
c.sty
Package: moderncvstyleclassic 2021/01/21 v2.1.0 modern curriculum vitae and let
ter style scheme: classic
 (/usr/local/texlive/2020basic/texmf-dist/tex/latex/lm/lmodern.sty
Package: lmodern 2009/10/30 v1.6 Latin Modern Fonts
LaTeX Font Info:    Overwriting symbol font `operators' in version `normal'
(Font)                  OT1/cmr/m/n --> OT1/lmr/m/n on input line 22.
LaTeX Font Info:    Overwriting symbol font `letters' in version `normal'
(Font)                  OML/cmm/m/it --> OML/lmm/m/it on input line 23.
LaTeX Font Info:    Overwriting symbol font `symbols' in version `normal'
(Font)                  OMS/cmsy/m/n --> OMS/lmsy/m/n on input line 24.
LaTeX Font Info:    Overwriting symbol font `largesymbols' in version `normal'
(Font)                  OMX/cmex/m/n --> OMX/lmex/m/n on input line 25.
LaTeX Font Info:    Overwriting symbol font `operators' in version `bold'
(Font)                  OT1/cmr/bx/n --> OT1/lmr/bx/n on input line 26.
LaTeX Font Info:    Overwriting symbol font `letters' in version `bold'
(Font)                  OML/cmm/b/it --> OML/lmm/b/it on input line 27.
LaTeX Font Info:    Overwriting symbol font `symbols' in version `bold'
(Font)                  OMS/cmsy/b/n --> OMS/lmsy/b/n on input line 28.
LaTeX Font Info:    Overwriting symbol font `largesymbols' in version `bold'
(Font)                  OMX/cmex/m/n --> OMX/lmex/m/n on input line 29.
LaTeX Font Info:    Overwriting math alphabet `\mathbf' in version `normal'
(Font)                  OT1/cmr/bx/n --> OT1/lmr/bx/n on input line 31.
LaTeX Font Info:    Overwriting math alphabet `\mathsf' in version `normal'
(Font)                  OT1/cmss/m/n --> OT1/lmss/m/n on input line 32.
LaTeX Font Info:    Overwriting math alphabet `\mathit' in version `normal'
(Font)                  OT1/cmr/m/it --> OT1/lmr/m/it on input line 33.
LaTeX Font Info:    Overwriting math alphabet `\mathtt' in version `normal'
(Font)                  OT1/cmtt/m/n --> OT1/lmtt/m/n on input line 34.
LaTeX Font Info:    Overwriting math alphabet `\mathbf' in version `bold'
(Font)                  OT1/cmr/bx/n --> OT1/lmr/bx/n on input line 35.
LaTeX Font Info:    Overwriting math alphabet `\mathsf' in version `bold'
(Font)                  OT1/cmss/bx/n --> OT1/lmss/bx/n on input line 36.
LaTeX Font Info:    Overwriting math alphabet `\mathit' in version `bold'
(Font)                  OT1/cmr/bx/it --> OT1/lmr/bx/it on input line 37.
LaTeX Font Info:    Overwriting math alphabet `\mathtt' in version `bold'
(Font)                  OT1/cmtt/m/n --> OT1/lmtt/m/n on input line 38.
)
(/usr/local/texlive/2020basic/texmf-dist/tex/latex/moderncv/moderncviconsmarvos
ym.sty
Package: moderncviconsmarvosym 2021/01/21 v2.1.0 modern curriculum vitae and le
tter icons: marvosym

(/usr/local/texlive/2020basic/texmf-dist/tex/latex/pgf/frontendlayer/tikz.sty
(/usr/local/texlive/2020basic/texmf-dist/tex/latex/pgf/basiclayer/pgf.sty
(/usr/local/texlive/2020basic/texmf-dist/tex/latex/pgf/utilities/pgfrcs.sty
(/usr/local/texlive/2020basic/texmf-dist/tex/generic/pgf/utilities/pgfutil-comm
on.tex
\pgfutil@everybye=\toks21
\pgfutil@tempdima=\dimen141
\pgfutil@tempdimb=\dimen142

(/usr/local/texlive/2020basic/texmf-dist/tex/generic/pgf/utilities/pgfutil-comm
on-lists.tex))
(/usr/local/texlive/2020basic/texmf-dist/tex/generic/pgf/utilities/pgfutil-late
x.def
\pgfutil@abb=\box48
 (/usr/local/texlive/2020basic/texmf-dist/tex/latex/everyshi/everyshi.sty
Package: everyshi 2020/11/18 v4.00 EveryShipout Package

(/usr/local/texlive/2020basic/texmf-dist/tex/latex/everyshi/everyshi-2001-05-15
.sty

LaTeX Warning: You have requested package `everyshi',
               but the package provides `everyshi-2001-05-15'.

Package: everyshi-2001-05-15 2020/11/18 v4.00 EveryShipout Package (fallback me
chanism)
)))
(/usr/local/texlive/2020basic/texmf-dist/tex/generic/pgf/utilities/pgfrcs.code.
tex (/usr/local/texlive/2020basic/texmf-dist/tex/generic/pgf/pgf.revision.tex)
Package: pgfrcs 2020/01/08 v3.1.5b (3.1.5b)
))
Package: pgf 2020/01/08 v3.1.5b (3.1.5b)
 (/usr/local/texlive/2020basic/texmf-dist/tex/latex/pgf/basiclayer/pgfcore.sty 
(/usr/local/texlive/2020basic/texmf-dist/tex/latex/pgf/systemlayer/pgfsys.sty
(/usr/local/texlive/2020basic/texmf-dist/tex/generic/pgf/systemlayer/pgfsys.cod
e.tex
Package: pgfsys 2020/01/08 v3.1.5b (3.1.5b)

(/usr/local/texlive/2020basic/texmf-dist/tex/generic/pgf/utilities/pgfkeys.code
.tex
\pgfkeys@pathtoks=\toks22
\pgfkeys@temptoks=\toks23

(/usr/local/texlive/2020basic/texmf-dist/tex/generic/pgf/utilities/pgfkeysfilte
red.code.tex
\pgfkeys@tmptoks=\toks24
))
\pgf@x=\dimen143
\pgf@y=\dimen144
\pgf@xa=\dimen145
\pgf@ya=\dimen146
\pgf@xb=\dimen147
\pgf@yb=\dimen148
\pgf@xc=\dimen149
\pgf@yc=\dimen150
\pgf@xd=\dimen151
\pgf@yd=\dimen152
\w@pgf@writea=\write3
\r@pgf@reada=\read2
\c@pgf@counta=\count185
\c@pgf@countb=\count186
\c@pgf@countc=\count187
\c@pgf@countd=\count188
\t@pgf@toka=\toks25
\t@pgf@tokb=\toks26
\t@pgf@tokc=\toks27
\pgf@sys@id@count=\count189

(/usr/local/texlive/2020basic/texmf-dist/tex/generic/pgf/systemlayer/pgf.cfg
File: pgf.cfg 2020/01/08 v3.1.5b (3.1.5b)
)
Driver file for pgf: pgfsys-pdftex.def

(/usr/local/texlive/2020basic/texmf-dist/tex/generic/pgf/systemlayer/pgfsys-pdf
tex.def
File: pgfsys-pdftex.def 2020/01/08 v3.1.5b (3.1.5b)

(/usr/local/texlive/2020basic/texmf-dist/tex/generic/pgf/systemlayer/pgfsys-com
mon-pdf.def
File: pgfsys-common-pdf.def 2020/01/08 v3.1.5b (3.1.5b)
)))
(/usr/local/texlive/2020basic/texmf-dist/tex/generic/pgf/systemlayer/pgfsyssoft
path.code.tex
File: pgfsyssoftpath.code.tex 2020/01/08 v3.1.5b (3.1.5b)
\pgfsyssoftpath@smallbuffer@items=\count190
\pgfsyssoftpath@bigbuffer@items=\count191
)
(/usr/local/texlive/2020basic/texmf-dist/tex/generic/pgf/systemlayer/pgfsysprot
ocol.code.tex
File: pgfsysprotocol.code.tex 2020/01/08 v3.1.5b (3.1.5b)
))
(/usr/local/texlive/2020basic/texmf-dist/tex/generic/pgf/basiclayer/pgfcore.cod
e.tex
Package: pgfcore 2020/01/08 v3.1.5b (3.1.5b)

(/usr/local/texlive/2020basic/texmf-dist/tex/generic/pgf/math/pgfmath.code.tex
(/usr/local/texlive/2020basic/texmf-dist/tex/generic/pgf/math/pgfmathcalc.code.
tex
(/usr/local/texlive/2020basic/texmf-dist/tex/generic/pgf/math/pgfmathutil.code.
tex)
(/usr/local/texlive/2020basic/texmf-dist/tex/generic/pgf/math/pgfmathparser.cod
e.tex
\pgfmath@dimen=\dimen153
\pgfmath@count=\count192
\pgfmath@box=\box49
\pgfmath@toks=\toks28
\pgfmath@stack@operand=\toks29
\pgfmath@stack@operation=\toks30
)
(/usr/local/texlive/2020basic/texmf-dist/tex/generic/pgf/math/pgfmathfunctions.
code.tex
(/usr/local/texlive/2020basic/texmf-dist/tex/generic/pgf/math/pgfmathfunctions.
basic.code.tex)
(/usr/local/texlive/2020basic/texmf-dist/tex/generic/pgf/math/pgfmathfunctions.
trigonometric.code.tex)
(/usr/local/texlive/2020basic/texmf-dist/tex/generic/pgf/math/pgfmathfunctions.
random.code.tex)
(/usr/local/texlive/2020basic/texmf-dist/tex/generic/pgf/math/pgfmathfunctions.
comparison.code.tex)
(/usr/local/texlive/2020basic/texmf-dist/tex/generic/pgf/math/pgfmathfunctions.
base.code.tex)
(/usr/local/texlive/2020basic/texmf-dist/tex/generic/pgf/math/pgfmathfunctions.
round.code.tex)
(/usr/local/texlive/2020basic/texmf-dist/tex/generic/pgf/math/pgfmathfunctions.
misc.code.tex)
(/usr/local/texlive/2020basic/texmf-dist/tex/generic/pgf/math/pgfmathfunctions.
integerarithmetics.code.tex)))
(/usr/local/texlive/2020basic/texmf-dist/tex/generic/pgf/math/pgfmathfloat.code
.tex
\c@pgfmathroundto@lastzeros=\count193
))
(/usr/local/texlive/2020basic/texmf-dist/tex/generic/pgf/math/pgfint.code.tex)
(/usr/local/texlive/2020basic/texmf-dist/tex/generic/pgf/basiclayer/pgfcorepoin
ts.code.tex
File: pgfcorepoints.code.tex 2020/01/08 v3.1.5b (3.1.5b)
\pgf@picminx=\dimen154
\pgf@picmaxx=\dimen155
\pgf@picminy=\dimen156
\pgf@picmaxy=\dimen157
\pgf@pathminx=\dimen158
\pgf@pathmaxx=\dimen159
\pgf@pathminy=\dimen160
\pgf@pathmaxy=\dimen161
\pgf@xx=\dimen162
\pgf@xy=\dimen163
\pgf@yx=\dimen164
\pgf@yy=\dimen165
\pgf@zx=\dimen166
\pgf@zy=\dimen167
)
(/usr/local/texlive/2020basic/texmf-dist/tex/generic/pgf/basiclayer/pgfcorepath
construct.code.tex
File: pgfcorepathconstruct.code.tex 2020/01/08 v3.1.5b (3.1.5b)
\pgf@path@lastx=\dimen168
\pgf@path@lasty=\dimen169
)
(/usr/local/texlive/2020basic/texmf-dist/tex/generic/pgf/basiclayer/pgfcorepath
usage.code.tex
File: pgfcorepathusage.code.tex 2020/01/08 v3.1.5b (3.1.5b)
\pgf@shorten@end@additional=\dimen170
\pgf@shorten@start@additional=\dimen171
)
(/usr/local/texlive/2020basic/texmf-dist/tex/generic/pgf/basiclayer/pgfcorescop
es.code.tex
File: pgfcorescopes.code.tex 2020/01/08 v3.1.5b (3.1.5b)
\pgfpic=\box50
\pgf@hbox=\box51
\pgf@layerbox@main=\box52
\pgf@picture@serial@count=\count194
)
(/usr/local/texlive/2020basic/texmf-dist/tex/generic/pgf/basiclayer/pgfcoregrap
hicstate.code.tex
File: pgfcoregraphicstate.code.tex 2020/01/08 v3.1.5b (3.1.5b)
\pgflinewidth=\dimen172
)
(/usr/local/texlive/2020basic/texmf-dist/tex/generic/pgf/basiclayer/pgfcoretran
sformations.code.tex
File: pgfcoretransformations.code.tex 2020/01/08 v3.1.5b (3.1.5b)
\pgf@pt@x=\dimen173
\pgf@pt@y=\dimen174
\pgf@pt@temp=\dimen175
)
(/usr/local/texlive/2020basic/texmf-dist/tex/generic/pgf/basiclayer/pgfcorequic
k.code.tex
File: pgfcorequick.code.tex 2020/01/08 v3.1.5b (3.1.5b)
)
(/usr/local/texlive/2020basic/texmf-dist/tex/generic/pgf/basiclayer/pgfcoreobje
cts.code.tex
File: pgfcoreobjects.code.tex 2020/01/08 v3.1.5b (3.1.5b)
)
(/usr/local/texlive/2020basic/texmf-dist/tex/generic/pgf/basiclayer/pgfcorepath
processing.code.tex
File: pgfcorepathprocessing.code.tex 2020/01/08 v3.1.5b (3.1.5b)
)
(/usr/local/texlive/2020basic/texmf-dist/tex/generic/pgf/basiclayer/pgfcorearro
ws.code.tex
File: pgfcorearrows.code.tex 2020/01/08 v3.1.5b (3.1.5b)
\pgfarrowsep=\dimen176
)
(/usr/local/texlive/2020basic/texmf-dist/tex/generic/pgf/basiclayer/pgfcoreshad
e.code.tex
File: pgfcoreshade.code.tex 2020/01/08 v3.1.5b (3.1.5b)
\pgf@max=\dimen177
\pgf@sys@shading@range@num=\count195
\pgf@shadingcount=\count196
)
(/usr/local/texlive/2020basic/texmf-dist/tex/generic/pgf/basiclayer/pgfcoreimag
e.code.tex
File: pgfcoreimage.code.tex 2020/01/08 v3.1.5b (3.1.5b)

(/usr/local/texlive/2020basic/texmf-dist/tex/generic/pgf/basiclayer/pgfcoreexte
rnal.code.tex
File: pgfcoreexternal.code.tex 2020/01/08 v3.1.5b (3.1.5b)
\pgfexternal@startupbox=\box53
))
(/usr/local/texlive/2020basic/texmf-dist/tex/generic/pgf/basiclayer/pgfcorelaye
rs.code.tex
File: pgfcorelayers.code.tex 2020/01/08 v3.1.5b (3.1.5b)
)
(/usr/local/texlive/2020basic/texmf-dist/tex/generic/pgf/basiclayer/pgfcoretran
sparency.code.tex
File: pgfcoretransparency.code.tex 2020/01/08 v3.1.5b (3.1.5b)
)
(/usr/local/texlive/2020basic/texmf-dist/tex/generic/pgf/basiclayer/pgfcorepatt
erns.code.tex
File: pgfcorepatterns.code.tex 2020/01/08 v3.1.5b (3.1.5b)
)
(/usr/local/texlive/2020basic/texmf-dist/tex/generic/pgf/basiclayer/pgfcorerdf.
code.tex
File: pgfcorerdf.code.tex 2020/01/08 v3.1.5b (3.1.5b)
)))
(/usr/local/texlive/2020basic/texmf-dist/tex/generic/pgf/modules/pgfmoduleshape
s.code.tex
File: pgfmoduleshapes.code.tex 2020/01/08 v3.1.5b (3.1.5b)
\pgfnodeparttextbox=\box54
)
(/usr/local/texlive/2020basic/texmf-dist/tex/generic/pgf/modules/pgfmoduleplot.
code.tex
File: pgfmoduleplot.code.tex 2020/01/08 v3.1.5b (3.1.5b)
)
(/usr/local/texlive/2020basic/texmf-dist/tex/latex/pgf/compatibility/pgfcomp-ve
rsion-0-65.sty
Package: pgfcomp-version-0-65 2020/01/08 v3.1.5b (3.1.5b)
\pgf@nodesepstart=\dimen178
\pgf@nodesepend=\dimen179
)
(/usr/local/texlive/2020basic/texmf-dist/tex/latex/pgf/compatibility/pgfcomp-ve
rsion-1-18.sty
Package: pgfcomp-version-1-18 2020/01/08 v3.1.5b (3.1.5b)
))
(/usr/local/texlive/2020basic/texmf-dist/tex/latex/pgf/utilities/pgffor.sty
(/usr/local/texlive/2020basic/texmf-dist/tex/latex/pgf/utilities/pgfkeys.sty
(/usr/local/texlive/2020basic/texmf-dist/tex/generic/pgf/utilities/pgfkeys.code
.tex)) (/usr/local/texlive/2020basic/texmf-dist/tex/latex/pgf/math/pgfmath.sty
(/usr/local/texlive/2020basic/texmf-dist/tex/generic/pgf/math/pgfmath.code.tex)
)
(/usr/local/texlive/2020basic/texmf-dist/tex/generic/pgf/utilities/pgffor.code.
tex
Package: pgffor 2020/01/08 v3.1.5b (3.1.5b)

(/usr/local/texlive/2020basic/texmf-dist/tex/generic/pgf/math/pgfmath.code.tex)
\pgffor@iter=\dimen180
\pgffor@skip=\dimen181
\pgffor@stack=\toks31
\pgffor@toks=\toks32
))
(/usr/local/texlive/2020basic/texmf-dist/tex/generic/pgf/frontendlayer/tikz/tik
z.code.tex
Package: tikz 2020/01/08 v3.1.5b (3.1.5b)

(/usr/local/texlive/2020basic/texmf-dist/tex/generic/pgf/libraries/pgflibrarypl
othandlers.code.tex
File: pgflibraryplothandlers.code.tex 2020/01/08 v3.1.5b (3.1.5b)
\pgf@plot@mark@count=\count197
\pgfplotmarksize=\dimen182
)
\tikz@lastx=\dimen183
\tikz@lasty=\dimen184
\tikz@lastxsaved=\dimen185
\tikz@lastysaved=\dimen186
\tikz@lastmovetox=\dimen187
\tikz@lastmovetoy=\dimen188
\tikzleveldistance=\dimen189
\tikzsiblingdistance=\dimen190
\tikz@figbox=\box55
\tikz@figbox@bg=\box56
\tikz@tempbox=\box57
\tikz@tempbox@bg=\box58
\tikztreelevel=\count198
\tikznumberofchildren=\count199
\tikznumberofcurrentchild=\count266
\tikz@fig@count=\count267

(/usr/local/texlive/2020basic/texmf-dist/tex/generic/pgf/modules/pgfmodulematri
x.code.tex
File: pgfmodulematrix.code.tex 2020/01/08 v3.1.5b (3.1.5b)
\pgfmatrixcurrentrow=\count268
\pgfmatrixcurrentcolumn=\count269
\pgf@matrix@numberofcolumns=\count270
)
\tikz@expandcount=\count271

(/usr/local/texlive/2020basic/texmf-dist/tex/generic/pgf/frontendlayer/tikz/lib
raries/tikzlibrarytopaths.code.tex
File: tikzlibrarytopaths.code.tex 2020/01/08 v3.1.5b (3.1.5b)
))))
(/usr/local/texlive/2020basic/texmf-dist/tex/latex/moderncv/moderncvheadi.sty
Package: moderncvheadi 2021/01/21 v2.1.0 modern curriculum vitae and letter hea
der variant: 1
\quotewidth=\skip68
\makecvheadnamewidth=\skip69
)
(/usr/local/texlive/2020basic/texmf-dist/tex/latex/moderncv/moderncvbodyi.sty
Package: moderncvbodyi 2021/01/21 v2.1.0 modern curriculum vitae and letter bod
y variant: 1

(/usr/local/texlive/2020basic/texmf-dist/tex/latex/moderncv/moderncvskillmatrix
.sty
Package: moderncvskillmatrix 2021/01/21 v2.1.0 modern curriculum vitae and lett
er skill matrix
 (/usr/local/texlive/2020basic/texmf-dist/tex/latex/multirow/multirow.sty
Package: multirow 2021/01/29 v2.7 Span multiple rows of a table
\multirow@colwidth=\skip70
\multirow@cntb=\count272
\multirow@dima=\skip71
\bigstrutjot=\dimen191
)
(/usr/local/texlive/2020basic/texmf-dist/tex/latex/arydshln/arydshln.sty
Package: arydshln 2019/02/21 v1.76 
\dashlinedash=\dimen192
\dashlinegap=\dimen193
\adl@box=\box59
\adl@height=\dimen194
\adl@heightsave=\dimen195
\adl@depth=\dimen196
\adl@depthsave=\dimen197
\adl@finaldepth=\dimen198
\adl@columns=\count273
\adl@ncol=\count274
\adl@currentcolumn=\count275
\adl@currentcolumnsave=\count276
\adl@totalheight=\count277
\adl@totalheightsave=\count278
\adl@dash=\count279
\adl@gap=\count280
\adl@cla=\count281
\adl@clb=\count282
\adl@everyvbox=\toks33
\adl@LTpagetotal=\dimen199
)
\cvSkill@RectangleSize=\skip72
\my@repeat@count=\count283
\cvskill@width=\skip73
\cvskill@descriptorwidth=\skip74
\cvskill@experiencewidth=\skip75
\skillmatrix@columnwidth=\skip76
\skillmatrix@commentwidth=\skip77
\skillmatrix@padding=\skip78
\skillmatrix@hintscolumnwidth=\skip79
\skillmatrix@bodylength=\skip80
\cvskilllegend@leftdescriptorwidth=\skip81
\cvskilllegend@rightdescriptorwidth=\skip82
\skilllegend@hintscolumnwidth=\skip83
\skilllegend@padding=\skip84
\skilllegend@bodylength=\skip85
\separatorrulewidth=\skip86
)
\hintscolumnwidth=\skip87
\separatorcolumnwidth=\skip88
\maincolumnwidth=\skip89
\doubleitemcolumnwidth=\skip90
\listitemsymbolwidth=\skip91
LaTeX Font Info:    Trying to load font information for U+mvs on input line 48.


(/usr/local/texlive/2020basic/texmf-dist/tex/latex/marvosym/umvs.fd)
\listitemcolumnwidth=\skip92
\listdoubleitemcolumnwidth=\skip93
\baseletterheight=\skip94
\cvitemwithcommentbox=\box60
\cvitemwithcommentskilllength=\skip95
\cvitemwithcommentcommentlength=\skip96
))
(/usr/local/texlive/2020basic/texmf-dist/tex/latex/moderncv/moderncvcolorred.st
y
Package: moderncvcolorred 2021/01/21 v2.1.0 modern curriculum vitae and letter 
color scheme: red
) (/usr/local/texlive/2020basic/texmf-dist/tex/latex/geometry/geometry.sty
Package: geometry 2020/01/02 v5.9 Page Geometry

(/usr/local/texlive/2020basic/texmf-dist/tex/generic/iftex/ifvtex.sty
Package: ifvtex 2019/10/25 v1.7 ifvtex legacy package. Use iftex instead.
)
\Gm@cnth=\count284
\Gm@cntv=\count285
\c@Gm@tempcnt=\count286
\Gm@bindingoffset=\dimen256
\Gm@wd@mp=\dimen257
\Gm@odd@mp=\dimen258
\Gm@even@mp=\dimen259
\Gm@layoutwidth=\dimen260
\Gm@layoutheight=\dimen261
\Gm@layouthoffset=\dimen262
\Gm@layoutvoffset=\dimen263
\Gm@dimlist=\toks34
)
(/usr/local/texlive/2020basic/texmf-dist/tex/generic/babel/babel.sty
Package: babel 2020/03/22 3.42 The Babel package

(/usr/local/texlive/2020basic/texmf-dist/tex/generic/babel/switch.def
File: switch.def 2020/03/22 3.42 Babel switching mechanism
)
(/usr/local/texlive/2020basic/texmf-dist/tex/generic/babel-english/english.ldf
Language: english 2017/06/06 v3.3r English support from the babel system

(/usr/local/texlive/2020basic/texmf-dist/tex/generic/babel/babel.def
File: babel.def 2020/03/22 3.42 Babel common definitions
\babel@savecnt=\count287
\U@D=\dimen264

(/usr/local/texlive/2020basic/texmf-dist/tex/generic/babel/txtbabel.def)
\bbl@readstream=\read3
\bbl@dirlevel=\count288
)
Package babel Info: \l@canadian = using hyphenrules for english
(babel)             (\language0) on input line 102.
Package babel Info: \l@australian = using hyphenrules for ukenglish
(babel)             (\language21) on input line 105.
Package babel Info: \l@newzealand = using hyphenrules for ukenglish
(babel)             (\language21) on input line 108.
))
(/usr/local/texlive/2020basic/texmf-dist/tex/latex/biblatex/biblatex.sty
Package: biblatex 2020/12/31 v3.16 programmable bibliographies (PK/MW)

(/usr/local/texlive/2020basic/texmf-dist/tex/latex/pdftexcmds/pdftexcmds.sty
Package: pdftexcmds 2019/11/24 v0.31 Utility functions of pdfTeX for LuaTeX (HO
)

(/usr/local/texlive/2020basic/texmf-dist/tex/generic/infwarerr/infwarerr.sty
Package: infwarerr 2019/12/03 v1.5 Providing info/warning/error messages (HO)
)
(/usr/local/texlive/2020basic/texmf-dist/tex/generic/ltxcmds/ltxcmds.sty
Package: ltxcmds 2019/12/15 v1.24 LaTeX kernel commands for general use (HO)
)
Package pdftexcmds Info: \pdf@primitive is available.
Package pdftexcmds Info: \pdf@ifprimitive is available.
Package pdftexcmds Info: \pdfdraftmode found.
)
(/usr/local/texlive/2020basic/texmf-dist/tex/latex/kvoptions/kvoptions.sty
Package: kvoptions 2019/11/29 v3.13 Key value format for package options (HO)

(/usr/local/texlive/2020basic/texmf-dist/tex/generic/kvsetkeys/kvsetkeys.sty
Package: kvsetkeys 2019/12/15 v1.18 Key value parser (HO)
))
(/usr/local/texlive/2020basic/texmf-dist/tex/latex/logreq/logreq.sty
Package: logreq 2010/08/04 v1.0 xml request logger
\lrq@indent=\count289

(/usr/local/texlive/2020basic/texmf-dist/tex/latex/logreq/logreq.def
File: logreq.def 2010/08/04 v1.0 logreq spec v1.0
))
\c@tabx@nest=\count290
\c@listtotal=\count291
\c@listcount=\count292
\c@liststart=\count293
\c@liststop=\count294
\c@citecount=\count295
\c@citetotal=\count296
\c@multicitecount=\count297
\c@multicitetotal=\count298
\c@instcount=\count299
\c@maxnames=\count300
\c@minnames=\count301
\c@maxitems=\count302
\c@minitems=\count303
\c@citecounter=\count304
\c@maxcitecounter=\count305
\c@savedcitecounter=\count306
\c@uniquelist=\count307
\c@uniquename=\count308
\c@refsection=\count309
\c@refsegment=\count310
\c@maxextratitle=\count311
\c@maxextratitleyear=\count312
\c@maxextraname=\count313
\c@maxextradate=\count314
\c@maxextraalpha=\count315
\c@abbrvpenalty=\count316
\c@highnamepenalty=\count317
\c@lownamepenalty=\count318
\c@maxparens=\count319
\c@parenlevel=\count320
\blx@tempcnta=\count321
\blx@tempcntb=\count322
\blx@tempcntc=\count323
\blx@maxsection=\count324
\blx@maxsegment@0=\count325
\blx@notetype=\count326
\blx@parenlevel@text=\count327
\blx@parenlevel@foot=\count328
\blx@sectionciteorder@0=\count329
\blx@entrysetcounter=\count330
\blx@biblioinstance=\count331
\labelnumberwidth=\skip97
\labelalphawidth=\skip98
\biblabelsep=\skip99
\bibitemsep=\skip100
\bibnamesep=\skip101
\bibinitsep=\skip102
\bibparsep=\skip103
\bibhang=\skip104
\blx@bcfin=\read4
\blx@bcfout=\write4
\blx@langwohyphens=\language86
\c@mincomprange=\count332
\c@maxcomprange=\count333
\c@mincompwidth=\count334
Package biblatex Info: Trying to load biblatex default data model...
Package biblatex Info: ... file 'blx-dm.def' found.

(/usr/local/texlive/2020basic/texmf-dist/tex/latex/biblatex/blx-dm.def
File: blx-dm.def 2020/12/31 v3.16 biblatex localization (PK/MW)
)
Package biblatex Info: Trying to load biblatex style data model...
Package biblatex Info: ... file 'numeric.dbx' not found.
Package biblatex Info: Trying to load biblatex custom data model...
Package biblatex Info: ... file 'biblatex-dm.cfg' not found.
\c@afterword=\count335
\c@savedafterword=\count336
\c@annotator=\count337
\c@savedannotator=\count338
\c@author=\count339
\c@savedauthor=\count340
\c@bookauthor=\count341
\c@savedbookauthor=\count342
\c@commentator=\count343
\c@savedcommentator=\count344
\c@editor=\count345
\c@savededitor=\count346
\c@editora=\count347
\c@savededitora=\count348
\c@editorb=\count349
\c@savededitorb=\count350
\c@editorc=\count351
\c@savededitorc=\count352
\c@foreword=\count353
\c@savedforeword=\count354
\c@holder=\count355
\c@savedholder=\count356
\c@introduction=\count357
\c@savedintroduction=\count358
\c@namea=\count359
\c@savednamea=\count360
\c@nameb=\count361
\c@savednameb=\count362
\c@namec=\count363
\c@savednamec=\count364
\c@translator=\count365
\c@savedtranslator=\count366
\c@shortauthor=\count367
\c@savedshortauthor=\count368
\c@shorteditor=\count369
\c@savedshorteditor=\count370
\c@labelname=\count371
\c@savedlabelname=\count372
\c@institution=\count373
\c@savedinstitution=\count374
\c@lista=\count375
\c@savedlista=\count376
\c@listb=\count377
\c@savedlistb=\count378
\c@listc=\count379
\c@savedlistc=\count380
\c@listd=\count381
\c@savedlistd=\count382
\c@liste=\count383
\c@savedliste=\count384
\c@listf=\count385
\c@savedlistf=\count386
\c@location=\count387
\c@savedlocation=\count388
\c@organization=\count389
\c@savedorganization=\count390
\c@origlocation=\count391
\c@savedoriglocation=\count392
\c@origpublisher=\count393
\c@savedorigpublisher=\count394
\c@publisher=\count395
\c@savedpublisher=\count396
\c@language=\count397
\c@savedlanguage=\count398
\c@origlanguage=\count399
\c@savedoriglanguage=\count400
\c@pageref=\count401
\c@savedpageref=\count402
\shorthandwidth=\skip105
\shortjournalwidth=\skip106
\shortserieswidth=\skip107
\shorttitlewidth=\skip108
\shortauthorwidth=\skip109
\shorteditorwidth=\skip110
\locallabelnumberwidth=\skip111
\locallabelalphawidth=\skip112
\localshorthandwidth=\skip113
\localshortjournalwidth=\skip114
\localshortserieswidth=\skip115
\localshorttitlewidth=\skip116
\localshortauthorwidth=\skip117
\localshorteditorwidth=\skip118
Package biblatex Info: Trying to load compatibility code...
Package biblatex Info: ... file 'blx-compat.def' found.

(/usr/local/texlive/2020basic/texmf-dist/tex/latex/biblatex/blx-compat.def
File: blx-compat.def 2020/12/31 v3.16 biblatex compatibility (PK/MW)
)
Package biblatex Info: Trying to load BibTeX backend compatibility...
Package biblatex Info: ... file 'blx-bibtex.def' found.

(/usr/local/texlive/2020basic/texmf-dist/tex/latex/biblatex/blx-bibtex.def
File: blx-bibtex.def 2020/12/31 v3.16 biblatex compatibility (PK/MW)


Package biblatex Warning: Using fall-back BibTeX(8) backend:
(biblatex)                functionality may be reduced/unavailable.

)
Package biblatex Info: Trying to load generic definitions...
Package biblatex Info: ... file 'biblatex.def' found.
 (/usr/local/texlive/2020basic/texmf-dist/tex/latex/biblatex/biblatex.def
File: biblatex.def 2020/12/31 v3.16 biblatex compatibility (PK/MW)
\c@textcitecount=\count403
\c@textcitetotal=\count404
\c@textcitemaxnames=\count405
\c@biburlbigbreakpenalty=\count406
\c@biburlbreakpenalty=\count407
\c@biburlnumpenalty=\count408
\c@biburlucpenalty=\count409
\c@biburllcpenalty=\count410
\biburlbigskip=\muskip17
\biburlnumskip=\muskip18
\biburlucskip=\muskip19
\biburllcskip=\muskip20
\c@smartand=\count411
)
Package biblatex Info: Trying to load natbib compatibility...
Package biblatex Info: ... file 'blx-natbib.def' found.

(/usr/local/texlive/2020basic/texmf-dist/tex/latex/biblatex/blx-natbib.def
File: blx-natbib.def 2020/12/31 v3.16 biblatex compatibility (PK/MW)
Package biblatex Info: Delimiter 'nameyeardelim' in context '' already defined,
 overwriting.
)
Package biblatex Info: Trying to load bibliography style 'numeric'...
Package biblatex Info: ... file 'numeric.bbx' found.

(/usr/local/texlive/2020basic/texmf-dist/tex/latex/biblatex/bbx/numeric.bbx
File: numeric.bbx 2020/12/31 v3.16 biblatex bibliography style (PK/MW)
Package biblatex Info: Trying to load bibliography style 'standard'...
Package biblatex Info: ... file 'standard.bbx' found.

(/usr/local/texlive/2020basic/texmf-dist/tex/latex/biblatex/bbx/standard.bbx
File: standard.bbx 2020/12/31 v3.16 biblatex bibliography style (PK/MW)
\c@bbx:relatedcount=\count412
\c@bbx:relatedtotal=\count413
))
Package biblatex Info: Trying to load citation style 'numeric'...
Package biblatex Info: ... file 'numeric.cbx' found.

(/usr/local/texlive/2020basic/texmf-dist/tex/latex/biblatex/cbx/numeric.cbx
File: numeric.cbx 2020/12/31 v3.16 biblatex citation style (PK/MW)
Package biblatex Info: Redefining '\cite'.
Package biblatex Info: Redefining '\parencite'.
Package biblatex Info: Redefining '\footcite'.
Package biblatex Info: Redefining '\footcitetext'.
Package biblatex Info: Redefining '\smartcite'.
Package biblatex Info: Redefining '\supercite'.
Package biblatex Info: Redefining '\textcite'.
Package biblatex Info: Redefining '\textcites'.
Package biblatex Info: Redefining '\cites'.
Package biblatex Info: Redefining '\parencites'.
Package biblatex Info: Redefining '\smartcites'.
)
Package biblatex Info: Trying to load configuration file...
Package biblatex Info: ... file 'biblatex.cfg' found.

(/usr/local/texlive/2020basic/texmf-dist/tex/latex/biblatex/biblatex.cfg
File: biblatex.cfg 
))
(/usr/local/texlive/2020basic/texmf-dist/tex/latex/refcount/refcount.sty
Package: refcount 2019/12/15 v3.6 Data extraction from label references (HO)
)
(/usr/local/texlive/2020basic/texmf-dist/tex/latex/lastpage/lastpage.sty
Package: lastpage 2015/03/29 v1.2m Refers to last page's name (HMM; JPG)
)
(/usr/local/texlive/2020basic/texmf-dist/tex/latex/hyperref/hyperref.sty
Package: hyperref 2020/01/14 v7.00d Hypertext links for LaTeX

(/usr/local/texlive/2020basic/texmf-dist/tex/generic/kvdefinekeys/kvdefinekeys.
sty
Package: kvdefinekeys 2019-12-19 v1.6 Define keys (HO)
)
(/usr/local/texlive/2020basic/texmf-dist/tex/generic/pdfescape/pdfescape.sty
Package: pdfescape 2019/12/09 v1.15 Implements pdfTeX's escape features (HO)
)
(/usr/local/texlive/2020basic/texmf-dist/tex/latex/hycolor/hycolor.sty
Package: hycolor 2020-01-27 v1.10 Color options for hyperref/bookmark (HO)
)
(/usr/local/texlive/2020basic/texmf-dist/tex/latex/letltxmacro/letltxmacro.sty
Package: letltxmacro 2019/12/03 v1.6 Let assignment for LaTeX macros (HO)
) (/usr/local/texlive/2020basic/texmf-dist/tex/latex/auxhook/auxhook.sty
Package: auxhook 2019-12-17 v1.6 Hooks for auxiliary files (HO)
)
\@linkdim=\dimen265
\Hy@linkcounter=\count414
\Hy@pagecounter=\count415

(/usr/local/texlive/2020basic/texmf-dist/tex/latex/hyperref/pd1enc.def
File: pd1enc.def 2020/01/14 v7.00d Hyperref: PDFDocEncoding definition (HO)
Now handling font encoding PD1 ...
... no UTF-8 mapping file for font encoding PD1
)
(/usr/local/texlive/2020basic/texmf-dist/tex/generic/intcalc/intcalc.sty
Package: intcalc 2019/12/15 v1.3 Expandable calculations with integers (HO)
)
(/usr/local/texlive/2020basic/texmf-dist/tex/generic/etexcmds/etexcmds.sty
Package: etexcmds 2019/12/15 v1.7 Avoid name clashes with e-TeX commands (HO)
)
\Hy@SavedSpaceFactor=\count416
Package hyperref Info: Option `colorlinks' set `true' on input line 4421.
Package hyperref Info: Option `unicode' set `true' on input line 4421.

(/usr/local/texlive/2020basic/texmf-dist/tex/latex/hyperref/puenc.def
File: puenc.def 2020/01/14 v7.00d Hyperref: PDF Unicode definition (HO)
Now handling font encoding PU ...
... no UTF-8 mapping file for font encoding PU
)
Package hyperref Info: Hyper figures OFF on input line 4547.
Package hyperref Info: Link nesting OFF on input line 4552.
Package hyperref Info: Hyper index ON on input line 4555.
Package hyperref Info: Plain pages OFF on input line 4562.
Package hyperref Info: Backreferencing OFF on input line 4567.
Package hyperref Info: Implicit mode ON; LaTeX internals redefined.
Package hyperref Info: Bookmarks ON on input line 4800.
\c@Hy@tempcnt=\count417
LaTeX Info: Redefining \url on input line 5159.
\XeTeXLinkMargin=\dimen266

(/usr/local/texlive/2020basic/texmf-dist/tex/generic/bitset/bitset.sty
Package: bitset 2019/12/09 v1.3 Handle bit-vector datatype (HO)

(/usr/local/texlive/2020basic/texmf-dist/tex/generic/bigintcalc/bigintcalc.sty
Package: bigintcalc 2019/12/15 v1.5 Expandable calculations on big integers (HO
)
))
\Fld@menulength=\count418
\Field@Width=\dimen267
\Fld@charsize=\dimen268
Package hyperref Info: Hyper figures OFF on input line 6430.
Package hyperref Info: Link nesting OFF on input line 6435.
Package hyperref Info: Hyper index ON on input line 6438.
Package hyperref Info: backreferencing OFF on input line 6445.
Package hyperref Info: Link coloring ON on input line 6448.
Package hyperref Info: Link coloring with OCG OFF on input line 6455.
Package hyperref Info: PDF/A mode OFF on input line 6460.
LaTeX Info: Redefining \ref on input line 6500.
LaTeX Info: Redefining \pageref on input line 6504.
 (/usr/local/texlive/2020basic/texmf-dist/tex/generic/atbegshi/atbegshi.sty
Package: atbegshi 2019/12/05 v1.19 At begin shipout hook (HO)
)
\Hy@abspage=\count419
\c@Item=\count420
\c@Hfootnote=\count421
)
Package hyperref Info: Driver (autodetected): hpdftex.

(/usr/local/texlive/2020basic/texmf-dist/tex/latex/hyperref/hpdftex.def
File: hpdftex.def 2020/01/14 v7.00d Hyperref driver for pdfTeX

(/usr/local/texlive/2020basic/texmf-dist/tex/latex/atveryend/atveryend.sty
Package: atveryend 2019-12-11 v1.11 Hooks at the very end of document (HO)
)
\Fld@listcount=\count422
\c@bookmark@seq@number=\count423

(/usr/local/texlive/2020basic/texmf-dist/tex/latex/rerunfilecheck/rerunfilechec
k.sty
Package: rerunfilecheck 2019/12/05 v1.9 Rerun checks for auxiliary files (HO)

(/usr/local/texlive/2020basic/texmf-dist/tex/generic/uniquecounter/uniquecounte
r.sty
Package: uniquecounter 2019/12/15 v1.4 Provide unlimited unique counter (HO)
)
Package uniquecounter Info: New unique counter `rerunfilecheck' on input line 2
86.
)
\Hy@SectionHShift=\skip119
)
Package hyperref Info: Option `breaklinks' set `true' on input line 58.
Package hyperref Info: Option `bookmarksopen' set `true' on input line 58.


Package biblatex Warning: 'babel/polyglossia' detected but 'csquotes' missing.
(biblatex)                Loading 'csquotes' recommended.

\@quotelevel=\count424
\@quotereset=\count425
(./Vatsal_CV.aux)
\openout1 = `Vatsal_CV.aux'.

LaTeX Font Info:    Checking defaults for OML/cmm/m/it on input line 58.
LaTeX Font Info:    ... okay on input line 58.
LaTeX Font Info:    Checking defaults for OMS/cmsy/m/n on input line 58.
LaTeX Font Info:    ... okay on input line 58.
LaTeX Font Info:    Checking defaults for OT1/cmr/m/n on input line 58.
LaTeX Font Info:    ... okay on input line 58.
LaTeX Font Info:    Checking defaults for T1/cmr/m/n on input line 58.
LaTeX Font Info:    ... okay on input line 58.
LaTeX Font Info:    Checking defaults for TS1/cmr/m/n on input line 58.
LaTeX Font Info:    ... okay on input line 58.
LaTeX Font Info:    Checking defaults for OMX/cmex/m/n on input line 58.
LaTeX Font Info:    ... okay on input line 58.
LaTeX Font Info:    Checking defaults for U/cmr/m/n on input line 58.
LaTeX Font Info:    ... okay on input line 58.
LaTeX Font Info:    Checking defaults for PD1/pdf/m/n on input line 58.
LaTeX Font Info:    ... okay on input line 58.
LaTeX Font Info:    Checking defaults for PU/pdf/m/n on input line 58.
LaTeX Font Info:    ... okay on input line 58.
LaTeX Font Info:    Trying to load font information for T1+lmr on input line 58
.

(/usr/local/texlive/2020basic/texmf-dist/tex/latex/lm/t1lmr.fd
File: t1lmr.fd 2009/10/30 v1.6 Font defs for Latin Modern
)
(/usr/local/texlive/2020basic/texmf-dist/tex/context/base/mkii/supp-pdf.mkii
[Loading MPS to PDF converter (version 2006.09.02).]
\scratchcounter=\count426
\scratchdimen=\dimen269
\scratchbox=\box61
\nofMPsegments=\count427
\nofMParguments=\count428
\everyMPshowfont=\toks35
\MPscratchCnt=\count429
\MPscratchDim=\dimen270
\MPnumerator=\count430
\makeMPintoPDFobject=\count431
\everyMPtoPDFconversion=\toks36
)
(/usr/local/texlive/2020basic/texmf-dist/tex/latex/epstopdf-pkg/epstopdf-base.s
ty
Package: epstopdf-base 2020-01-24 v2.11 Base part for package epstopdf
Package epstopdf-base Info: Redefining graphics rule for `.eps' on input line 4
85.

(/usr/local/texlive/2020basic/texmf-dist/tex/latex/latexconfig/epstopdf-sys.cfg
File: epstopdf-sys.cfg 2010/07/13 v1.3 Configuration of (r)epstopdf for TeX Liv
e
))
LaTeX Info: Redefining \microtypecontext on input line 58.
Package microtype Info: Generating PDF output.
Package microtype Info: Character protrusion enabled (level 2).
Package microtype Info: Using default protrusion set `alltext'.
Package microtype Info: Automatic font expansion enabled (level 2),
(microtype)             stretch: 20, shrink: 20, step: 1, non-selected.
Package microtype Info: Using default expansion set `basictext'.
LaTeX Info: Redefining \showhyphens on input line 58.
Package microtype Info: No adjustment of tracking.
Package microtype Info: No adjustment of interword spacing.
Package microtype Info: No adjustment of character kerning.
 (/usr/local/texlive/2020basic/texmf-dist/tex/latex/microtype/mt-cmr.cfg
File: mt-cmr.cfg 2013/05/19 v2.2 microtype config. file: Computer Modern Roman 
(RS)
)
ABD: EveryShipout initializing macros
*geometry* driver: auto-detecting
*geometry* detected driver: pdftex
*geometry* verbose mode - [ preamble ] result:
* driver: pdftex
* paper: a4paper
* layout: <same size as paper>
* layoutoffset:(h,v)=(0.0pt,0.0pt)
* modes: 
* h-part:(L,W,R)=(74.68848pt, 448.1309pt, 74.68849pt)
* v-part:(T,H,B)=(84.50467pt, 633.78513pt, 126.75705pt)
* \paperwidth=597.50787pt
* \paperheight=845.04684pt
* \textwidth=448.1309pt
* \textheight=633.78513pt
* \oddsidemargin=2.41849pt
* \evensidemargin=2.41849pt
* \topmargin=-24.76532pt
* \headheight=12.0pt
* \headsep=25.0pt
* \topskip=11.0pt
* \footskip=30.0pt
* \marginparwidth=50.0pt
* \marginparsep=10.0pt
* \columnsep=10.0pt
* \skip\footins=10.0pt plus 4.0pt minus 2.0pt
* \hoffset=0.0pt
* \voffset=0.0pt
* \mag=1000
* \@twocolumnfalse
* \@twosidefalse
* \@mparswitchfalse
* \@reversemarginfalse
* (1in=72.27pt=25.4mm, 1cm=28.453pt)

Package biblatex Info: Trying to load language 'english'...
Package biblatex Info: ... file 'english.lbx' found.
(/usr/local/texlive/2020basic/texmf-dist/tex/latex/biblatex/lbx/english.lbx
File: english.lbx 2020/12/31 v3.16 biblatex localization (PK/MW)
)
Package biblatex Info: Input encoding 'utf8' detected.
Package biblatex Info: Automatic encoding selection.
(biblatex)             Assuming data encoding 'utf8'.
Package biblatex Info: Input encoding 'utf8' specified.
Package biblatex Info: Data encoding 'utf8' specified.
(biblatex)             No need to reencode data.
Package biblatex Info: Document encoding is UTF8 ....


LaTeX Warning: You have requested, on input line 58, version
               `2020/04/06' of package expl3,
               but only version
               `2020-03-06 L3 programming layer (loader) '
               is available.

Package biblatex Info: ... but expl3
(biblatex)             2020-03-06 L3 programming layer (loader) 
(biblatex)             is too old (older than 2020/04/06),
(biblatex)             setting 'casechanger=latex2e'.

(/usr/local/texlive/2020basic/texmf-dist/tex/latex/biblatex/blx-case-latex2e.st
y
Package: blx-case-latex2e 2020/12/31 v3.16 biblatex compatibility (PK/MW)
)
\openout4 = `Vatsal_CV-blx.bib'.

Package biblatex Info: Trying to load bibliographic data...
Package biblatex Info: ... file 'Vatsal_CV.bbl' found.
 (./Vatsal_CV.bbl)
Package biblatex Info: Reference section=0 on input line 58.
Package biblatex Info: Reference segment=0 on input line 58.
Package lastpage Info: Please have a look at the pageslts package at
(lastpage)             https://www.ctan.org/pkg/pageslts
(lastpage)             ! on input line 58.
\AtBeginShipoutBox=\box62
Package hyperref Info: Link coloring ON on input line 58.

(/usr/local/texlive/2020basic/texmf-dist/tex/latex/hyperref/nameref.sty
Package: nameref 2019/09/16 v2.46 Cross-referencing by name of section

(/usr/local/texlive/2020basic/texmf-dist/tex/generic/gettitlestring/gettitlestr
ing.sty
Package: gettitlestring 2019/12/15 v1.6 Cleanup title references (HO)
)
\c@section@level=\count432
)
LaTeX Info: Redefining \ref on input line 58.
LaTeX Info: Redefining \pageref on input line 58.
LaTeX Info: Redefining \nameref on input line 58.
 (./Vatsal_CV.out) (./Vatsal_CV.out)
\@outlinefile=\write5
\openout5 = `Vatsal_CV.out'.



Package hyperref Warning: Option `colorlinks' has already been used,
(hyperref)                setting the option has no effect on input line 64.

\makecvheaddetailsbox=\box63
LaTeX Font Info:    Trying to load font information for OT1+lmr on input line 6
6.
(/usr/local/texlive/2020basic/texmf-dist/tex/latex/lm/ot1lmr.fd
File: ot1lmr.fd 2009/10/30 v1.6 Font defs for Latin Modern
)
LaTeX Font Info:    Trying to load font information for OML+lmm on input line 6
6.

(/usr/local/texlive/2020basic/texmf-dist/tex/latex/lm/omllmm.fd
File: omllmm.fd 2009/10/30 v1.6 Font defs for Latin Modern
)
LaTeX Font Info:    Trying to load font information for OMS+lmsy on input line 
66.

(/usr/local/texlive/2020basic/texmf-dist/tex/latex/lm/omslmsy.fd
File: omslmsy.fd 2009/10/30 v1.6 Font defs for Latin Modern
)
LaTeX Font Info:    Trying to load font information for OMX+lmex on input line 
66.

(/usr/local/texlive/2020basic/texmf-dist/tex/latex/lm/omxlmex.fd
File: omxlmex.fd 2009/10/30 v1.6 Font defs for Latin Modern
)
LaTeX Font Info:    External font `lmex10' loaded for size
(Font)              <10> on input line 66.
LaTeX Font Info:    External font `lmex10' loaded for size
(Font)              <7> on input line 66.
LaTeX Font Info:    External font `lmex10' loaded for size
(Font)              <5> on input line 66.

(/usr/local/texlive/2020basic/texmf-dist/tex/latex/microtype/mt-mvs.cfg
File: mt-mvs.cfg 2006/07/05 v1.1 microtype config. file: Marvosym Euro (RS)
)
\makecvheadpicturebox=\box64
\makecvheaddetailswidth=\skip120
\makecvheadpicturewidth=\skip121
\makecvheadnamebox=\box65
LaTeX Font Info:    External font `lmex10' loaded for size
(Font)              <10.95> on input line 66.
LaTeX Font Info:    External font `lmex10' loaded for size
(Font)              <8> on input line 66.
LaTeX Font Info:    External font `lmex10' loaded for size
(Font)              <6> on input line 66.

Overfull \hbox (0.86702pt too wide) in paragraph at lines 74--74
[]| [] 
 []


Overfull \hbox (0.86702pt too wide) in paragraph at lines 74--74
[] [] 
 []


Overfull \hbox (0.86702pt too wide) in paragraph at lines 74--74
[] [] 
 []


Overfull \hbox (0.86702pt too wide) in paragraph at lines 74--74
[] [] 
 []


Overfull \hbox (0.86702pt too wide) in paragraph at lines 77--77
[]| [] 
 []

[1

{/usr/local/texlive/2020basic/texmf-var/fonts/map/pdftex/updmap/pdftex.map}]

Package biblatex Warning: Name format 'last-first' deprecated.
(biblatex)                Please use 'family-given' instead.
(biblatex)                Using 'family-given' now.

Package microtype Info: Character `029' is missing
(microtype)             in font `T1/lmr/m/sc/10.95'.
(microtype)             Ignoring protrusion settings for this character.
LaTeX Font Info:    Trying to load font information for T1+lmtt on input line 1
09.
(/usr/local/texlive/2020basic/texmf-dist/tex/latex/lm/t1lmtt.fd
File: t1lmtt.fd 2009/10/30 v1.6 Font defs for Latin Modern
)
Package microtype Info: Loading generic protrusion settings for font family
(microtype)             `lmtt' (encoding: T1).
(microtype)             For optimal results, create family-specific settings.
(microtype)             See the microtype manual for details.
 [2] [3]

AED: lastpage setting LastPage
[4]
Package atveryend Info: Empty hook `BeforeClearDocument' on input line 178.
Package atveryend Info: Empty hook `AfterLastShipout' on input line 178.
 (./Vatsal_CV.aux)
Package atveryend Info: Executing hook `AtVeryEndDocument' on input line 178.
Package atveryend Info: Executing hook `AtEndAfterFileList' on input line 178.
Package rerunfilecheck Info: File `Vatsal_CV.out' has not changed.
(rerunfilecheck)             Checksum: 42613630E10DAC3B0E51E10B66E07017;2044.
Package logreq Info: Writing requests to 'Vatsal_CV.run.xml'.
\openout1 = `Vatsal_CV.run.xml'.

 ) 
Here is how much of TeX's memory you used:
 30429 strings out of 480608
 571198 string characters out of 5901175
 1059402 words of memory out of 5000000
 45692 multiletter control sequences out of 15000+600000
 617896 words of font info for 106 fonts, out of 8000000 for 9000
 1141 hyphenation exceptions out of 8191
 76i,20n,68p,1868b,1677s stack positions out of 5000i,500n,10000p,200000b,80000s
{/usr/local/texlive/2020basic/texmf-dist/fonts/enc/dvips/lm/lm-ec.enc}</usr/l
ocal/texlive/2020basic/texmf-dist/fonts/type1/public/lm/lmbx10.pfb></usr/local/
texlive/2020basic/texmf-dist/fonts/type1/public/lm/lmbx12.pfb></usr/local/texli
ve/2020basic/texmf-dist/fonts/type1/public/lm/lmbxo10.pfb></usr/local/texlive/2
020basic/texmf-dist/fonts/type1/public/lm/lmcsc10.pfb></usr/local/texlive/2020b
asic/texmf-dist/fonts/type1/public/lm/lmr10.pfb></usr/local/texlive/2020basic/t
exmf-dist/fonts/type1/public/lm/lmr12.pfb></usr/local/texlive/2020basic/texmf-d
ist/fonts/type1/public/lm/lmr17.pfb></usr/local/texlive/2020basic/texmf-dist/fo
nts/type1/public/lm/lmri10.pfb></usr/local/texlive/2020basic/texmf-dist/fonts/t
ype1/public/lm/lmro10.pfb></usr/local/texlive/2020basic/texmf-dist/fonts/type1/
public/lm/lmro17.pfb></usr/local/texlive/2020basic/texmf-dist/fonts/type1/publi
c/lm/lmtt10.pfb></usr/local/texlive/2020basic/texmf-dist/fonts/type1/public/mar
vosym/marvosym.pfb>
Output written on Vatsal_CV.pdf (4 pages, 323587 bytes).
PDF statistics:
 183 PDF objects out of 1000 (max. 8388607)
 163 compressed objects within 2 object streams
 37 named destinations out of 1000 (max. 500000)
 29805 words of extra memory for PDF output out of 29859 (max. 10000000)

